{"D:\\Desktop\\Full Stack Development Program with Generative AI  - 2026 Batch\\FSD - Designing a Dynamic Frontend with React\\React JS Projects\\react-vite-testing-app\\src\\Hello.jsx": {"path":"D:\\Desktop\\Full Stack Development Program with Generative AI  - 2026 Batch\\FSD - Designing a Dynamic Frontend with React\\React JS Projects\\react-vite-testing-app\\src\\Hello.jsx","statementMap":{"0":{"start":{"line":4,"column":4},"end":{"line":7,"column":null}}},"fnMap":{"0":{"name":"Hello","decl":{"start":{"line":1,"column":9},"end":{"line":1,"column":17}},"loc":{"start":{"line":1,"column":17},"end":{"line":7,"column":null}},"line":1}},"branchMap":{},"s":{"0":1},"f":{"0":1},"b":{},"meta":{"lastBranch":0,"lastFunction":1,"lastStatement":1,"seen":{"f:1:9:1:17":0,"s:4:4:7:Infinity":0}}}
,"D:\\Desktop\\Full Stack Development Program with Generative AI  - 2026 Batch\\FSD - Designing a Dynamic Frontend with React\\React JS Projects\\react-vite-testing-app\\src\\Login.jsx": {"path":"D:\\Desktop\\Full Stack Development Program with Generative AI  - 2026 Batch\\FSD - Designing a Dynamic Frontend with React\\React JS Projects\\react-vite-testing-app\\src\\Login.jsx","statementMap":{"0":{"start":{"line":4,"column":15},"end":{"line":4,"column":39}},"1":{"start":{"line":5,"column":16},"end":{"line":5,"column":41}},"2":{"start":{"line":6,"column":15},"end":{"line":6,"column":39}},"3":{"start":{"line":9,"column":4},"end":{"line":20,"column":null}},"4":{"start":{"line":10,"column":4},"end":{"line":10,"column":null}},"5":{"start":{"line":12,"column":4},"end":{"line":14,"column":null}},"6":{"start":{"line":13,"column":8},"end":{"line":13,"column":null}},"7":{"start":{"line":14,"column":8},"end":{"line":14,"column":null}},"8":{"start":{"line":17,"column":4},"end":{"line":20,"column":null}},"9":{"start":{"line":18,"column":8},"end":{"line":18,"column":null}},"10":{"start":{"line":20,"column":8},"end":{"line":20,"column":null}},"11":{"start":{"line":23,"column":4},"end":{"line":37,"column":null}},"12":{"start":{"line":29,"column":35},"end":{"line":29,"column":65}},"13":{"start":{"line":32,"column":35},"end":{"line":32,"column":66}}},"fnMap":{"0":{"name":"Login","decl":{"start":{"line":3,"column":9},"end":{"line":3,"column":17}},"loc":{"start":{"line":3,"column":17},"end":{"line":37,"column":null}},"line":3},"1":{"name":"(anonymous_1)","decl":{"start":{"line":9,"column":4},"end":{"line":9,"column":20}},"loc":{"start":{"line":9,"column":29},"end":{"line":20,"column":null}},"line":9},"2":{"name":"(anonymous_2)","decl":{"start":{"line":29,"column":16},"end":{"line":29,"column":27}},"loc":{"start":{"line":29,"column":35},"end":{"line":29,"column":65}},"line":29},"3":{"name":"(anonymous_3)","decl":{"start":{"line":32,"column":16},"end":{"line":32,"column":27}},"loc":{"start":{"line":32,"column":35},"end":{"line":32,"column":66}},"line":32}},"branchMap":{"0":{"loc":{"start":{"line":12,"column":4},"end":{"line":14,"column":null}},"type":"if","locations":[{"start":{"line":12,"column":4},"end":{"line":14,"column":null}},{"start":{},"end":{}}],"line":12},"1":{"loc":{"start":{"line":12,"column":7},"end":{"line":12,"column":47}},"type":"binary-expr","locations":[{"start":{"line":12,"column":7},"end":{"line":12,"column":28}},{"start":{"line":12,"column":28},"end":{"line":12,"column":47}}],"line":12},"2":{"loc":{"start":{"line":17,"column":4},"end":{"line":20,"column":null}},"type":"if","locations":[{"start":{"line":17,"column":4},"end":{"line":20,"column":null}},{"start":{"line":19,"column":10},"end":{"line":20,"column":null}}],"line":17},"3":{"loc":{"start":{"line":17,"column":7},"end":{"line":17,"column":61}},"type":"binary-expr","locations":[{"start":{"line":17,"column":7},"end":{"line":17,"column":38}},{"start":{"line":17,"column":38},"end":{"line":17,"column":61}}],"line":17}},"s":{"0":60,"1":60,"2":60,"3":60,"4":3,"5":3,"6":1,"7":1,"8":2,"9":1,"10":1,"11":60,"12":30,"13":23},"f":{"0":60,"1":3,"2":30,"3":23},"b":{"0":[1,2],"1":[3,2],"2":[1,1],"3":[2,1]},"meta":{"lastBranch":4,"lastFunction":4,"lastStatement":14,"seen":{"f:3:9:3:17":0,"s:4:15:4:39":0,"s:5:16:5:41":1,"s:6:15:6:39":2,"s:9:4:20:Infinity":3,"f:9:4:9:20":1,"s:10:4:10:Infinity":4,"b:12:4:14:Infinity:undefined:undefined:undefined:undefined":0,"s:12:4:14:Infinity":5,"b:12:7:12:28:12:28:12:47":1,"s:13:8:13:Infinity":6,"s:14:8:14:Infinity":7,"b:17:4:20:Infinity:19:10:20:Infinity":2,"s:17:4:20:Infinity":8,"b:17:7:17:38:17:38:17:61":3,"s:18:8:18:Infinity":9,"s:20:8:20:Infinity":10,"s:23:4:37:Infinity":11,"f:29:16:29:27":2,"s:29:35:29:65":12,"f:32:16:32:27":3,"s:32:35:32:66":13}}}
}
